# JRE version: OpenJDK Runtime Environment (21.0.6+10) (build 21.0.6+10-LTS)
# Java VM: OpenJDK 64-Bit Server VM (21.0.6+10-LTS, mixed mode, tiered, compressed class ptrs, g1 gc, linux-amd64)
GC Precious Log:
 CardTable entry size: 512
 Card Set container configuration: InlinePtr #cards 3 size 8 Array Of Cards #cards 256 size 528 Howl #buckets 8 coarsen threshold 58982 Howl Bitmap #cards 8192 size 1040 coarsen threshold 7372 Card regions per heap region 1 cards per card region 65536
 CPUs: 80 total, 80 available
 Memory: 503G
 Large Page Support: Disabled
 NUMA Support: Disabled
 Compressed Oops: Disabled
 Heap Region Size: 32M
 Heap Min Capacity: 32M
 Heap Initial Capacity: 2G
 Heap Max Capacity: 352G
 Pre-touch: Disabled
 Parallel Workers: 53
 Concurrent Workers: 13
 Concurrent Refinement Workers: 53
 Periodic GC: Disabled
Heap:
 garbage-first heap   total 3244032K, used 1829514K [0x000078f3cc000000, 0x0000794bcc000000)
  region size 32768K, 11 young (360448K), 4 survivors (131072K)
 Metaspace       used 58138K, committed 58432K, reserved 1114112K
  class space    used 5814K, committed 5952K, reserved 1048576K
GC Heap History (20 events):
Event: 19.741 GC heap before
{Heap before GC invocations=23 (full 0):
 garbage-first heap   total 2097152K, used 1975047K [0x000078f3cc000000, 0x0000794bcc000000)
  region size 32768K, 29 young (950272K), 1 survivors (32768K)
 Metaspace       used 51812K, committed 52096K, reserved 1114112K
  class space    used 5296K, committed 5440K, reserved 1048576K
}
Event: 19.755 GC heap after
{Heap after GC invocations=24 (full 0):
 garbage-first heap   total 2097152K, used 1103339K [0x000078f3cc000000, 0x0000794bcc000000)
  region size 32768K, 2 young (65536K), 2 survivors (65536K)
 Metaspace       used 51812K, committed 52096K, reserved 1114112K
  class space    used 5296K, committed 5440K, reserved 1048576K
}
Event: 21.095 GC heap before
{Heap before GC invocations=24 (full 0):
 garbage-first heap   total 2097152K, used 1922539K [0x000078f3cc000000, 0x0000794bcc000000)
  region size 32768K, 25 young (819200K), 2 survivors (65536K)
 Metaspace       used 51818K, committed 52096K, reserved 1114112K
  class space    used 5296K, committed 5440K, reserved 1048576K
}
Event: 21.107 GC heap after
{Heap after GC invocations=25 (full 0):
 garbage-first heap   total 2097152K, used 1207889K [0x000078f3cc000000, 0x0000794bcc000000)
  region size 32768K, 2 young (65536K), 2 survivors (65536K)
 Metaspace       used 51818K, committed 52096K, reserved 1114112K
  class space    used 5296K, committed 5440K, reserved 1048576K
}
Event: 21.644 GC heap before
{Heap before GC invocations=25 (full 0):
 garbage-first heap   total 2097152K, used 1470033K [0x000078f3cc000000, 0x0000794bcc000000)
  region size 32768K, 12 young (393216K), 2 survivors (65536K)
 Metaspace       used 51820K, committed 52096K, reserved 1114112K
  class space    used 5296K, committed 5440K, reserved 1048576K
}
Event: 21.653 GC heap after
{Heap after GC invocations=26 (full 0):
 garbage-first heap   total 2097152K, used 1199270K [0x000078f3cc000000, 0x0000794bcc000000)
  region size 32768K, 2 young (65536K), 2 survivors (65536K)
 Metaspace       used 51820K, committed 52096K, reserved 1114112K
  class space    used 5296K, committed 5440K, reserved 1048576K
}
Event: 22.877 GC heap before
{Heap before GC invocations=27 (full 0):
 garbage-first heap   total 2129920K, used 1920166K [0x000078f3cc000000, 0x0000794bcc000000)
  region size 32768K, 22 young (720896K), 2 survivors (65536K)
 Metaspace       used 51817K, committed 52096K, reserved 1114112K
  class space    used 5296K, committed 5440K, reserved 1048576K
}
Event: 22.886 GC heap after
{Heap after GC invocations=28 (full 0):
 garbage-first heap   total 2129920K, used 1303723K [0x000078f3cc000000, 0x0000794bcc000000)
  region size 32768K, 2 young (65536K), 2 survivors (65536K)
 Metaspace       used 51817K, committed 52096K, reserved 1114112K
  class space    used 5296K, committed 5440K, reserved 1048576K
}
Event: 23.894 GC heap before
{Heap before GC invocations=28 (full 0):
 garbage-first heap   total 2129920K, used 1893547K [0x000078f3cc000000, 0x0000794bcc000000)
  region size 32768K, 20 young (655360K), 2 survivors (65536K)
 Metaspace       used 51817K, committed 52096K, reserved 1114112K
  class space    used 5296K, committed 5440K, reserved 1048576K
}
Event: 23.922 GC heap after
{Heap after GC invocations=29 (full 0):
 garbage-first heap   total 2129920K, used 1340472K [0x000078f3cc000000, 0x0000794bcc000000)
  region size 32768K, 2 young (65536K), 2 survivors (65536K)
 Metaspace       used 51817K, committed 52096K, reserved 1114112K
  class space    used 5296K, committed 5440K, reserved 1048576K
}
Event: 24.060 GC heap before
{Heap before GC invocations=29 (full 0):
 garbage-first heap   total 2129920K, used 1373240K [0x000078f3cc000000, 0x0000794bcc000000)
  region size 32768K, 5 young (163840K), 2 survivors (65536K)
 Metaspace       used 51817K, committed 52096K, reserved 1114112K
  class space    used 5296K, committed 5440K, reserved 1048576K
}
Event: 24.085 GC heap after
{Heap after GC invocations=30 (full 0):
 garbage-first heap   total 2555904K, used 1333127K [0x000078f3cc000000, 0x0000794bcc000000)
  region size 32768K, 2 young (65536K), 2 survivors (65536K)
 Metaspace       used 51817K, committed 52096K, reserved 1114112K
  class space    used 5296K, committed 5440K, reserved 1048576K
}
Event: 25.972 GC heap before
{Heap before GC invocations=31 (full 0):
 garbage-first heap   total 2555904K, used 2348935K [0x000078f3cc000000, 0x0000794bcc000000)
  region size 32768K, 31 young (1015808K), 2 survivors (65536K)
 Metaspace       used 51817K, committed 52096K, reserved 1114112K
  class space    used 5296K, committed 5440K, reserved 1048576K
}
Event: 25.994 GC heap after
{Heap after GC invocations=32 (full 0):
 garbage-first heap   total 2555904K, used 1446839K [0x000078f3cc000000, 0x0000794bcc000000)
  region size 32768K, 2 young (65536K), 2 survivors (65536K)
 Metaspace       used 51817K, committed 52096K, reserved 1114112K
  class space    used 5296K, committed 5440K, reserved 1048576K
}
Event: 27.498 GC heap before
{Heap before GC invocations=32 (full 0):
 garbage-first heap   total 2555904K, used 2364343K [0x000078f3cc000000, 0x0000794bcc000000)
  region size 32768K, 28 young (917504K), 2 survivors (65536K)
 Metaspace       used 51817K, committed 52096K, reserved 1114112K
  class space    used 5296K, committed 5440K, reserved 1048576K
}
Event: 27.514 GC heap after
{Heap after GC invocations=33 (full 0):
 garbage-first heap   total 2555904K, used 1550575K [0x000078f3cc000000, 0x0000794bcc000000)
  region size 32768K, 2 young (65536K), 2 survivors (65536K)
 Metaspace       used 51817K, committed 52096K, reserved 1114112K
  class space    used 5296K, committed 5440K, reserved 1048576K
}
Event: 27.794 GC heap before
{Heap before GC invocations=33 (full 0):
 garbage-first heap   total 2555904K, used 1648879K [0x000078f3cc000000, 0x0000794bcc000000)
  region size 32768K, 7 young (229376K), 2 survivors (65536K)
 Metaspace       used 51817K, committed 52096K, reserved 1114112K
  class space    used 5296K, committed 5440K, reserved 1048576K
}
Event: 27.804 GC heap after
{Heap after GC invocations=34 (full 0):
 garbage-first heap   total 2555904K, used 1543198K [0x000078f3cc000000, 0x0000794bcc000000)
  region size 32768K, 2 young (65536K), 2 survivors (65536K)
 Metaspace       used 51817K, committed 52096K, reserved 1114112K
  class space    used 5296K, committed 5440K, reserved 1048576K
}
Event: 30.192 GC heap before
{Heap before GC invocations=35 (full 0):
 garbage-first heap   total 2686976K, used 2296862K [0x000078f3cc000000, 0x0000794bcc000000)
  region size 32768K, 25 young (819200K), 2 survivors (65536K)
 Metaspace       used 58111K, committed 58432K, reserved 1114112K
  class space    used 5812K, committed 5952K, reserved 1048576K
}
Event: 30.212 GC heap after
{Heap after GC invocations=36 (full 0):
 garbage-first heap   total 3244032K, used 1632906K [0x000078f3cc000000, 0x0000794bcc000000)
  region size 32768K, 4 young (131072K), 4 survivors (131072K)
 Metaspace       used 58111K, committed 58432K, reserved 1114112K
  class space    used 5812K, committed 5952K, reserved 1048576K
}

